This file contains any messages produced by compilers while
running configure, to aid debugging if configure makes a mistake.

It was created by hypre configure 2.31.0, which was
generated by GNU Autoconf 2.71.  Invocation command line was

  $ ./configure --prefix=/home/jiping/FENGSim/toolkit/NLA/hypre/src/../../install/hypre/

## --------- ##
## Platform. ##
## --------- ##

hostname = jiping-RedmiBook-14-II
uname -m = x86_64
uname -r = 6.17.0-8-generic
uname -s = Linux
uname -v = #8-Ubuntu SMP PREEMPT_DYNAMIC Fri Nov 14 21:44:46 UTC 2025

/usr/bin/uname -p = unknown
/bin/uname -X     = unknown

/bin/arch              = x86_64
/usr/bin/arch -k       = unknown
/usr/convex/getsysinfo = unknown
/usr/bin/hostinfo      = unknown
/bin/machine           = unknown
/usr/bin/oslevel       = unknown
/bin/universe          = unknown

PATH: /usr/local/sbin/
PATH: /usr/local/bin/
PATH: /usr/sbin/
PATH: /usr/bin/
PATH: /sbin/
PATH: /bin/
PATH: /usr/games/
PATH: /usr/local/games/
PATH: /snap/bin/
PATH: /snap/bin/


## ----------- ##
## Core tests. ##
## ----------- ##

configure:3070: looking for aux files: config.guess config.sub
configure:3083:  trying ./config/
configure:3112:   ./config/config.guess found
configure:3112:   ./config/config.sub found
configure:3305: NOTE: Could not find .git directory
configure:3410: checking build system type
configure:3425: result: x86_64-pc-linux-gnu
configure:3449: checking host system type
configure:3463: result: x86_64-pc-linux-gnu
configure:5416: checking for mpxlc
configure:5451: result: no
configure:5416: checking for mpixlc
configure:5451: result: no
configure:5416: checking for mpiicx
configure:5451: result: no
configure:5416: checking for mpiicc
configure:5451: result: no
configure:5416: checking for mpigcc
configure:5451: result: no
configure:5416: checking for mpipgcc
configure:5451: result: no
configure:5416: checking for mpipgicc
configure:5451: result: no
configure:5416: checking for mpicc
configure:5437: found /usr/bin/mpicc
configure:5448: result: mpicc
configure:5625: checking for CC
configure:5660: result: no
configure:5625: checking for mpxlC
configure:5660: result: no
configure:5625: checking for mpixlcxx
configure:5660: result: no
configure:5625: checking for mpixlC
configure:5660: result: no
configure:5625: checking for mpiicpx
configure:5660: result: no
configure:5625: checking for mpiicpc
configure:5660: result: no
configure:5625: checking for mpig++
configure:5660: result: no
configure:5625: checking for mpic++
configure:5646: found /usr/bin/mpic++
configure:5657: result: mpic++
configure:5834: checking for mpxlf
configure:5869: result: no
configure:5834: checking for mpixlf77
configure:5869: result: no
configure:5834: checking for mpiifort
configure:5869: result: no
configure:5834: checking for mpiifx
configure:5869: result: no
configure:5834: checking for mpif77
configure:5855: found /usr/bin/mpif77
configure:5866: result: mpif77
configure:6279: checking whether make sets $(MAKE)
configure:6302: result: yes
configure:6359: checking for ranlib
configure:6380: found /usr/bin/ranlib
configure:6391: result: ranlib
configure:6863: checking for C compiler version
configure:6872: mpicc --version >&5
gcc (Ubuntu 15.2.0-4ubuntu4) 15.2.0
Copyright (C) 2025 Free Software Foundation, Inc.
This is free software; see the source for copying conditions.  There is NO
warranty; not even for MERCHANTABILITY or FITNESS FOR A PARTICULAR PURPOSE.

configure:6883: $? = 0
configure:6872: mpicc -v >&5
Using built-in specs.
COLLECT_GCC=/usr/bin/gcc
COLLECT_LTO_WRAPPER=/usr/libexec/gcc/x86_64-linux-gnu/15/lto-wrapper
OFFLOAD_TARGET_NAMES=nvptx-none:amdgcn-amdhsa
OFFLOAD_TARGET_DEFAULT=1
Target: x86_64-linux-gnu
Configured with: ../src/configure -v --with-pkgversion='Ubuntu 15.2.0-4ubuntu4' --with-bugurl=file:///usr/share/doc/gcc-15/README.Bugs --enable-languages=c,ada,c++,go,d,fortran,objc,obj-c++,m2,rust,cobol,algol68 --prefix=/usr --with-gcc-major-version-only --program-suffix=-15 --program-prefix=x86_64-linux-gnu- --enable-shared --enable-linker-build-id --libexecdir=/usr/libexec --without-included-gettext --enable-threads=posix --libdir=/usr/lib --enable-nls --enable-bootstrap --enable-clocale=gnu --enable-libstdcxx-debug --enable-libstdcxx-time=yes --with-default-libstdcxx-abi=new --enable-libstdcxx-backtrace --enable-gnu-unique-object --disable-vtable-verify --enable-plugin --enable-default-pie --with-system-zlib --enable-libphobos-checking=release --with-target-system-zlib=auto --enable-objc-gc=auto --enable-multiarch --disable-werror --enable-cet --with-arch-32=i686 --with-abi=m64 --with-multilib-list=m32,m64,mx32 --enable-multilib --with-tune=generic --enable-offload-targets=nvptx-none=/build/gcc-15-deiAlw/gcc-15-15.2.0/debian/tmp-nvptx/usr,amdgcn-amdhsa=/build/gcc-15-deiAlw/gcc-15-15.2.0/debian/tmp-gcn/usr --enable-offload-defaulted --without-cuda-driver --enable-checking=release --build=x86_64-linux-gnu --host=x86_64-linux-gnu --target=x86_64-linux-gnu --with-build-config=bootstrap-lto-lean --enable-link-serialization=2
Thread model: posix
Supported LTO compression algorithms: zlib zstd
gcc version 15.2.0 (Ubuntu 15.2.0-4ubuntu4) 
... rest of stderr output deleted ...
configure:6883: $? = 0
configure:6872: mpicc -V >&5
gcc: error: unrecognized command-line option '-V'
gcc: fatal error: no input files
compilation terminated.
configure:6883: $? = 1
configure:6872: mpicc -qversion >&5
gcc: error: unrecognized command-line option '-qversion'; did you mean '--version'?
gcc: fatal error: no input files
compilation terminated.
configure:6883: $? = 1
configure:6872: mpicc -version >&5
gcc: error: unrecognized command-line option '-version'
gcc: fatal error: no input files
compilation terminated.
configure:6883: $? = 1
configure:6903: checking whether the C compiler works
configure:6925: mpicc    conftest.c  >&5
configure:6929: $? = 0
configure:6979: result: yes
configure:6982: checking for C compiler default output file name
configure:6984: result: a.out
configure:6990: checking for suffix of executables
configure:6997: mpicc -o conftest    conftest.c  >&5
configure:7001: $? = 0
configure:7024: result: 
configure:7046: checking whether we are cross compiling
configure:7054: mpicc -o conftest    conftest.c  >&5
configure:7058: $? = 0
configure:7065: ./conftest
configure:7069: $? = 0
configure:7084: result: no
configure:7089: checking for suffix of object files
configure:7112: mpicc -c   conftest.c >&5
configure:7116: $? = 0
configure:7138: result: o
configure:7142: checking whether the compiler supports GNU C
configure:7162: mpicc -c   conftest.c >&5
configure:7162: $? = 0
configure:7172: result: yes
configure:7183: checking whether mpicc accepts -g
configure:7204: mpicc -c -g  conftest.c >&5
configure:7204: $? = 0
configure:7248: result: yes
configure:7268: checking for mpicc option to enable C11 features
configure:7283: mpicc  -c -g -O2  conftest.c >&5
conftest.c: In function 'e':
conftest.c:33:14: warning: old-style function definition [-Wold-style-definition]
   33 | static char *e (p, i)
      |              ^
configure:7283: $? = 0
configure:7301: result: none needed
configure:7543: checking for C++ compiler version
configure:7552: mpic++ --version >&5
g++ (Ubuntu 15.2.0-4ubuntu4) 15.2.0
Copyright (C) 2025 Free Software Foundation, Inc.
This is free software; see the source for copying conditions.  There is NO
warranty; not even for MERCHANTABILITY or FITNESS FOR A PARTICULAR PURPOSE.

configure:7563: $? = 0
configure:7552: mpic++ -v >&5
Using built-in specs.
COLLECT_GCC=/usr/bin/g++
COLLECT_LTO_WRAPPER=/usr/libexec/gcc/x86_64-linux-gnu/15/lto-wrapper
OFFLOAD_TARGET_NAMES=nvptx-none:amdgcn-amdhsa
OFFLOAD_TARGET_DEFAULT=1
Target: x86_64-linux-gnu
Configured with: ../src/configure -v --with-pkgversion='Ubuntu 15.2.0-4ubuntu4' --with-bugurl=file:///usr/share/doc/gcc-15/README.Bugs --enable-languages=c,ada,c++,go,d,fortran,objc,obj-c++,m2,rust,cobol,algol68 --prefix=/usr --with-gcc-major-version-only --program-suffix=-15 --program-prefix=x86_64-linux-gnu- --enable-shared --enable-linker-build-id --libexecdir=/usr/libexec --without-included-gettext --enable-threads=posix --libdir=/usr/lib --enable-nls --enable-bootstrap --enable-clocale=gnu --enable-libstdcxx-debug --enable-libstdcxx-time=yes --with-default-libstdcxx-abi=new --enable-libstdcxx-backtrace --enable-gnu-unique-object --disable-vtable-verify --enable-plugin --enable-default-pie --with-system-zlib --enable-libphobos-checking=release --with-target-system-zlib=auto --enable-objc-gc=auto --enable-multiarch --disable-werror --enable-cet --with-arch-32=i686 --with-abi=m64 --with-multilib-list=m32,m64,mx32 --enable-multilib --with-tune=generic --enable-offload-targets=nvptx-none=/build/gcc-15-deiAlw/gcc-15-15.2.0/debian/tmp-nvptx/usr,amdgcn-amdhsa=/build/gcc-15-deiAlw/gcc-15-15.2.0/debian/tmp-gcn/usr --enable-offload-defaulted --without-cuda-driver --enable-checking=release --build=x86_64-linux-gnu --host=x86_64-linux-gnu --target=x86_64-linux-gnu --with-build-config=bootstrap-lto-lean --enable-link-serialization=2
Thread model: posix
Supported LTO compression algorithms: zlib zstd
gcc version 15.2.0 (Ubuntu 15.2.0-4ubuntu4) 
... rest of stderr output deleted ...
configure:7563: $? = 0
configure:7552: mpic++ -V >&5
g++: error: unrecognized command-line option '-V'
g++: fatal error: no input files
compilation terminated.
configure:7563: $? = 1
configure:7552: mpic++ -qversion >&5
g++: error: unrecognized command-line option '-qversion'; did you mean '--version'?
g++: fatal error: no input files
compilation terminated.
configure:7563: $? = 1
configure:7567: checking whether the compiler supports GNU C++
configure:7587: mpic++ -c   conftest.cpp >&5
configure:7587: $? = 0
configure:7597: result: yes
configure:7608: checking whether mpic++ accepts -g
configure:7629: mpic++ -c -g  conftest.cpp >&5
configure:7629: $? = 0
configure:7673: result: yes
configure:7693: checking for mpic++ option to enable C++11 features
configure:7708: mpic++  -c -g -O2  conftest.cpp >&5
conftest.cpp: In function 'int main(int, char**)':
conftest.cpp:185:25: warning: empty parentheses were disambiguated as a function declaration [-Wvexing-parse]
  185 |   cxx11test::delegate d2();
      |                         ^~
conftest.cpp:185:25: note: remove parentheses to default-initialize a variable
  185 |   cxx11test::delegate d2();
      |                         ^~
      |                         --
conftest.cpp:185:25: note: or replace parentheses with braces to value-initialize a variable
configure:7708: $? = 0
configure:7726: result: none needed
configure:7910: checking for Fortran compiler version
configure:7919: mpif77 --version >&5
GNU Fortran (Ubuntu 15.2.0-4ubuntu4) 15.2.0
Copyright (C) 2025 Free Software Foundation, Inc.
This is free software; see the source for copying conditions.  There is NO
warranty; not even for MERCHANTABILITY or FITNESS FOR A PARTICULAR PURPOSE.

configure:7930: $? = 0
configure:7919: mpif77 -v >&5
Using built-in specs.
COLLECT_GCC=/usr/bin/gfortran
COLLECT_LTO_WRAPPER=/usr/libexec/gcc/x86_64-linux-gnu/15/lto-wrapper
OFFLOAD_TARGET_NAMES=nvptx-none:amdgcn-amdhsa
OFFLOAD_TARGET_DEFAULT=1
Target: x86_64-linux-gnu
Configured with: ../src/configure -v --with-pkgversion='Ubuntu 15.2.0-4ubuntu4' --with-bugurl=file:///usr/share/doc/gcc-15/README.Bugs --enable-languages=c,ada,c++,go,d,fortran,objc,obj-c++,m2,rust,cobol,algol68 --prefix=/usr --with-gcc-major-version-only --program-suffix=-15 --program-prefix=x86_64-linux-gnu- --enable-shared --enable-linker-build-id --libexecdir=/usr/libexec --without-included-gettext --enable-threads=posix --libdir=/usr/lib --enable-nls --enable-bootstrap --enable-clocale=gnu --enable-libstdcxx-debug --enable-libstdcxx-time=yes --with-default-libstdcxx-abi=new --enable-libstdcxx-backtrace --enable-gnu-unique-object --disable-vtable-verify --enable-plugin --enable-default-pie --with-system-zlib --enable-libphobos-checking=release --with-target-system-zlib=auto --enable-objc-gc=auto --enable-multiarch --disable-werror --enable-cet --with-arch-32=i686 --with-abi=m64 --with-multilib-list=m32,m64,mx32 --enable-multilib --with-tune=generic --enable-offload-targets=nvptx-none=/build/gcc-15-deiAlw/gcc-15-15.2.0/debian/tmp-nvptx/usr,amdgcn-amdhsa=/build/gcc-15-deiAlw/gcc-15-15.2.0/debian/tmp-gcn/usr --enable-offload-defaulted --without-cuda-driver --enable-checking=release --build=x86_64-linux-gnu --host=x86_64-linux-gnu --target=x86_64-linux-gnu --with-build-config=bootstrap-lto-lean --enable-link-serialization=2
Thread model: posix
Supported LTO compression algorithms: zlib zstd
gcc version 15.2.0 (Ubuntu 15.2.0-4ubuntu4) 
... rest of stderr output deleted ...
configure:7930: $? = 0
configure:7919: mpif77 -V >&5
gfortran: error: unrecognized command-line option '-V'
gfortran: fatal error: no input files
compilation terminated.
configure:7930: $? = 1
configure:7919: mpif77 -qversion >&5
gfortran: error: unrecognized command-line option '-qversion'; did you mean '--version'?
gfortran: fatal error: no input files
compilation terminated.
configure:7930: $? = 1
configure:7939: checking whether the compiler supports GNU Fortran
configure:7953: mpif77 -c   conftest.F >&5
configure:7953: $? = 0
configure:7963: result: yes
configure:7971: checking whether mpif77 accepts -g
configure:7983: mpif77 -c -g  conftest.f >&5
configure:7983: $? = 0
configure:7992: result: yes
configure:8026: checking how to get verbose linking output from mpif77
configure:8037: mpif77 -c -g -O2  conftest.f >&5
configure:8037: $? = 0
configure:8056: mpif77 -o conftest -g -O2 -v conftest.f
Using built-in specs.
Target: x86_64-linux-gnu
Thread model: posix
Supported LTO compression algorithms: zlib zstd
gcc version 15.2.0 (Ubuntu 15.2.0-4ubuntu4) 
 /usr/libexec/gcc/x86_64-linux-gnu/15/f951 conftest.f -ffixed-form -I /usr/lib/x86_64-linux-gnu/openmpi/lib/../../fortran/gfortran-mod-16/openmpi -I /usr/lib/x86_64-linux-gnu/openmpi/include -quiet -dumpbase conftest.f -dumpbase-ext .f -mtune=generic -march=x86-64 -g -O2 -version -foffload-options=-l_GCC_gfortran -foffload-options=-l_GCC_m -fintrinsic-modules-path /usr/lib/gcc/x86_64-linux-gnu/15/finclude -fpre-include=/usr/include/finclude/x86_64-linux-gnu/math-vector-fortran.h -o /tmp/ccf99Vs8.s
GNU Fortran (Ubuntu 15.2.0-4ubuntu4) version 15.2.0 (x86_64-linux-gnu)
	compiled by GNU C version 15.2.0, GMP version 6.3.0, MPFR version 4.2.2, MPC version 1.3.1, isl version isl-0.27-GMP

GGC heuristics: --param ggc-min-expand=100 --param ggc-min-heapsize=131072
 /usr/bin/x86_64-linux-gnu-as -v -I /usr/lib/x86_64-linux-gnu/openmpi/lib/../../fortran/gfortran-mod-16/openmpi -I /usr/lib/x86_64-linux-gnu/openmpi/include --gdwarf-5 --64 -o /tmp/ccOUTSiY.o /tmp/ccf99Vs8.s
GNU assembler version 2.45 (x86_64-linux-gnu) using BFD version (GNU Binutils for Ubuntu) 2.45
Reading specs from /usr/lib/gcc/x86_64-linux-gnu/15/libgfortran.spec
rename spec lib to liborig
 /usr/libexec/gcc/x86_64-linux-gnu/15/collect2 -plugin /usr/libexec/gcc/x86_64-linux-gnu/15/liblto_plugin.so -plugin-opt=/usr/libexec/gcc/x86_64-linux-gnu/15/lto-wrapper -plugin-opt=-fresolution=/tmp/ccbtDI3Y.res -plugin-opt=-pass-through=-lgcc_s -plugin-opt=-pass-through=-lgcc -plugin-opt=-pass-through=-lquadmath -plugin-opt=-pass-through=-lm -plugin-opt=-pass-through=-lc -plugin-opt=-pass-through=-lgcc_s -plugin-opt=-pass-through=-lgcc --build-id --eh-frame-hdr -m elf_x86_64 --hash-style=gnu --as-needed -dynamic-linker /lib64/ld-linux-x86-64.so.2 -pie -z now -z relro -o conftest /usr/lib/gcc/x86_64-linux-gnu/15/../../../x86_64-linux-gnu/Scrt1.o /usr/lib/gcc/x86_64-linux-gnu/15/../../../x86_64-linux-gnu/crti.o /usr/lib/gcc/x86_64-linux-gnu/15/crtbeginS.o -L/usr/lib/x86_64-linux-gnu/openmpi/lib -L/usr/lib/gcc/x86_64-linux-gnu/15 -L/usr/lib/gcc/x86_64-linux-gnu/15/../../../x86_64-linux-gnu -L/usr/lib/gcc/x86_64-linux-gnu/15/../../../../lib -L/lib/x86_64-linux-gnu -L/lib/../lib -L/usr/lib/x86_64-linux-gnu -L/usr/lib/../lib -L/usr/lib/gcc/x86_64-linux-gnu/15/../../.. -L/lib -L/usr/lib /tmp/ccOUTSiY.o -lmpi_usempif08 -lmpi_usempi_ignore_tkr -lmpi_mpifh -lmpi -lgfortran -lm -lgcc_s -lgcc --as-needed -lquadmath --no-as-needed -lm -lc -lgcc_s -lgcc /usr/lib/gcc/x86_64-linux-gnu/15/crtendS.o /usr/lib/gcc/x86_64-linux-gnu/15/../../../x86_64-linux-gnu/crtn.o
configure:8139: result: -v
configure:8141: checking for Fortran libraries of mpif77
configure:8165: mpif77 -o conftest -g -O2 -v conftest.f
Using built-in specs.
Target: x86_64-linux-gnu
Thread model: posix
Supported LTO compression algorithms: zlib zstd
gcc version 15.2.0 (Ubuntu 15.2.0-4ubuntu4) 
 /usr/libexec/gcc/x86_64-linux-gnu/15/f951 conftest.f -ffixed-form -I /usr/lib/x86_64-linux-gnu/openmpi/lib/../../fortran/gfortran-mod-16/openmpi -I /usr/lib/x86_64-linux-gnu/openmpi/include -quiet -dumpbase conftest.f -dumpbase-ext .f -mtune=generic -march=x86-64 -g -O2 -version -foffload-options=-l_GCC_gfortran -foffload-options=-l_GCC_m -fintrinsic-modules-path /usr/lib/gcc/x86_64-linux-gnu/15/finclude -fpre-include=/usr/include/finclude/x86_64-linux-gnu/math-vector-fortran.h -o /tmp/cc8CMLnb.s
GNU Fortran (Ubuntu 15.2.0-4ubuntu4) version 15.2.0 (x86_64-linux-gnu)
	compiled by GNU C version 15.2.0, GMP version 6.3.0, MPFR version 4.2.2, MPC version 1.3.1, isl version isl-0.27-GMP

GGC heuristics: --param ggc-min-expand=100 --param ggc-min-heapsize=131072
 /usr/bin/x86_64-linux-gnu-as -v -I /usr/lib/x86_64-linux-gnu/openmpi/lib/../../fortran/gfortran-mod-16/openmpi -I /usr/lib/x86_64-linux-gnu/openmpi/include --gdwarf-5 --64 -o /tmp/ccPOGhXK.o /tmp/cc8CMLnb.s
GNU assembler version 2.45 (x86_64-linux-gnu) using BFD version (GNU Binutils for Ubuntu) 2.45
Reading specs from /usr/lib/gcc/x86_64-linux-gnu/15/libgfortran.spec
rename spec lib to liborig
 /usr/libexec/gcc/x86_64-linux-gnu/15/collect2 -plugin /usr/libexec/gcc/x86_64-linux-gnu/15/liblto_plugin.so -plugin-opt=/usr/libexec/gcc/x86_64-linux-gnu/15/lto-wrapper -plugin-opt=-fresolution=/tmp/ccHYCehp.res -plugin-opt=-pass-through=-lgcc_s -plugin-opt=-pass-through=-lgcc -plugin-opt=-pass-through=-lquadmath -plugin-opt=-pass-through=-lm -plugin-opt=-pass-through=-lc -plugin-opt=-pass-through=-lgcc_s -plugin-opt=-pass-through=-lgcc --build-id --eh-frame-hdr -m elf_x86_64 --hash-style=gnu --as-needed -dynamic-linker /lib64/ld-linux-x86-64.so.2 -pie -z now -z relro -o conftest /usr/lib/gcc/x86_64-linux-gnu/15/../../../x86_64-linux-gnu/Scrt1.o /usr/lib/gcc/x86_64-linux-gnu/15/../../../x86_64-linux-gnu/crti.o /usr/lib/gcc/x86_64-linux-gnu/15/crtbeginS.o -L/usr/lib/x86_64-linux-gnu/openmpi/lib -L/usr/lib/gcc/x86_64-linux-gnu/15 -L/usr/lib/gcc/x86_64-linux-gnu/15/../../../x86_64-linux-gnu -L/usr/lib/gcc/x86_64-linux-gnu/15/../../../../lib -L/lib/x86_64-linux-gnu -L/lib/../lib -L/usr/lib/x86_64-linux-gnu -L/usr/lib/../lib -L/usr/lib/gcc/x86_64-linux-gnu/15/../../.. -L/lib -L/usr/lib /tmp/ccPOGhXK.o -lmpi_usempif08 -lmpi_usempi_ignore_tkr -lmpi_mpifh -lmpi -lgfortran -lm -lgcc_s -lgcc --as-needed -lquadmath --no-as-needed -lm -lc -lgcc_s -lgcc /usr/lib/gcc/x86_64-linux-gnu/15/crtendS.o /usr/lib/gcc/x86_64-linux-gnu/15/../../../x86_64-linux-gnu/crtn.o
configure:8381: result:  -L/usr/lib/x86_64-linux-gnu/openmpi/lib -L/usr/lib/gcc/x86_64-linux-gnu/15 -L/usr/lib/gcc/x86_64-linux-gnu/15/../../../x86_64-linux-gnu -L/usr/lib/gcc/x86_64-linux-gnu/15/../../../../lib -L/lib/x86_64-linux-gnu -L/lib/../lib -L/usr/lib/x86_64-linux-gnu -L/usr/lib/../lib -L/usr/lib/gcc/x86_64-linux-gnu/15/../../.. -L/lib -L/usr/lib -lmpi_usempif08 -lmpi_usempi_ignore_tkr -lmpi_mpifh -lmpi -lgfortran -lm -lquadmath
configure:8398: checking for dummy main to link with Fortran libraries
configure:8433: mpicc -o conftest -g -O2   conftest.c   -L/usr/lib/x86_64-linux-gnu/openmpi/lib -L/usr/lib/gcc/x86_64-linux-gnu/15 -L/usr/lib/gcc/x86_64-linux-gnu/15/../../../x86_64-linux-gnu -L/usr/lib/gcc/x86_64-linux-gnu/15/../../../../lib -L/lib/x86_64-linux-gnu -L/lib/../lib -L/usr/lib/x86_64-linux-gnu -L/usr/lib/../lib -L/usr/lib/gcc/x86_64-linux-gnu/15/../../.. -L/lib -L/usr/lib -lmpi_usempif08 -lmpi_usempi_ignore_tkr -lmpi_mpifh -lmpi -lgfortran -lm -lquadmath >&5
configure:8433: $? = 0
configure:8480: result: none
configure:8512: checking for Fortran name-mangling scheme
configure:8526: mpif77 -c -g -O2  conftest.f >&5
configure:8526: $? = 0
configure:8565: mpicc -o conftest -g -O2   conftest.c cfortran_test.o   -L/usr/lib/x86_64-linux-gnu/openmpi/lib -L/usr/lib/gcc/x86_64-linux-gnu/15 -L/usr/lib/gcc/x86_64-linux-gnu/15/../../../x86_64-linux-gnu -L/usr/lib/gcc/x86_64-linux-gnu/15/../../../../lib -L/lib/x86_64-linux-gnu -L/lib/../lib -L/usr/lib/x86_64-linux-gnu -L/usr/lib/../lib -L/usr/lib/gcc/x86_64-linux-gnu/15/../../.. -L/lib -L/usr/lib -lmpi_usempif08 -lmpi_usempi_ignore_tkr -lmpi_mpifh -lmpi -lgfortran -lm -lquadmath >&5
/usr/bin/ld: /tmp/ccCwollF.o: in function `main':
/home/jiping/FENGSim/toolkit/NLA/hypre/src/conftest.c:35:(.text.startup+0x9): undefined reference to `foobar'
collect2: error: ld returned 1 exit status
configure:8565: $? = 1
configure: failed program was:
| /* confdefs.h */
| #define PACKAGE_NAME "hypre"
| #define PACKAGE_TARNAME "hypre"
| #define PACKAGE_VERSION "2.31.0"
| #define PACKAGE_STRING "hypre 2.31.0"
| #define PACKAGE_BUGREPORT ""
| #define PACKAGE_URL ""
| #define HYPRE_RELEASE_NAME "hypre"
| #define HYPRE_RELEASE_VERSION "2.31.0"
| #define HYPRE_RELEASE_NUMBER 23100
| #define HYPRE_RELEASE_DATE "2024/02/14"
| #define HYPRE_RELEASE_TIME "00:00:00"
| #define HYPRE_RELEASE_BUGS "https://github.com/hypre-space/hypre/issues"
| #define HYPRE_MAXDIM 3
| #define HYPRE_FMANGLE 0
| #define HYPRE_FMANGLE_BLAS 0
| #define HYPRE_FMANGLE_LAPACK 0
| /* end confdefs.h.  */
| 
| /* Override any GCC internal prototype to avoid an error.
|    Use char because int might match the return type of a GCC
|    builtin and then its argument prototype would still apply.  */
| char foobar ();
| #ifdef FC_DUMMY_MAIN
| #ifndef FC_DUMMY_MAIN_EQ_F77
| #  ifdef __cplusplus
|      extern "C"
| #  endif
|    int FC_DUMMY_MAIN() { return 1; }
| #endif
| #endif
| int
| main (void)
| {
| return foobar ();
|   ;
|   return 0;
| }
configure:8565: mpicc -o conftest -g -O2   conftest.c cfortran_test.o   -L/usr/lib/x86_64-linux-gnu/openmpi/lib -L/usr/lib/gcc/x86_64-linux-gnu/15 -L/usr/lib/gcc/x86_64-linux-gnu/15/../../../x86_64-linux-gnu -L/usr/lib/gcc/x86_64-linux-gnu/15/../../../../lib -L/lib/x86_64-linux-gnu -L/lib/../lib -L/usr/lib/x86_64-linux-gnu -L/usr/lib/../lib -L/usr/lib/gcc/x86_64-linux-gnu/15/../../.. -L/lib -L/usr/lib -lmpi_usempif08 -lmpi_usempi_ignore_tkr -lmpi_mpifh -lmpi -lgfortran -lm -lquadmath >&5
configure:8565: $? = 0
configure:8621: mpicc -o conftest -g -O2   conftest.c cfortran_test.o   -L/usr/lib/x86_64-linux-gnu/openmpi/lib -L/usr/lib/gcc/x86_64-linux-gnu/15 -L/usr/lib/gcc/x86_64-linux-gnu/15/../../../x86_64-linux-gnu -L/usr/lib/gcc/x86_64-linux-gnu/15/../../../../lib -L/lib/x86_64-linux-gnu -L/lib/../lib -L/usr/lib/x86_64-linux-gnu -L/usr/lib/../lib -L/usr/lib/gcc/x86_64-linux-gnu/15/../../.. -L/lib -L/usr/lib -lmpi_usempif08 -lmpi_usempi_ignore_tkr -lmpi_mpifh -lmpi -lgfortran -lm -lquadmath >&5
configure:8621: $? = 0
configure:8664: result: lower case, underscore, no extra underscore
configure:8740: checking for MPI_Init
configure:8740: mpicc -o conftest -g -O2   conftest.c  >&5
configure:8740: $? = 0
configure:8740: result: yes
configure:8851: checking for mpi.h
configure:8872: mpicc -c -g -O2  conftest.c >&5
configure:8872: $? = 0
configure:8874: result: yes
configure:8898: checking for MPI_Comm_f2c
configure:8898: mpicc -o conftest -g -O2   conftest.c    >&5
configure:8898: $? = 0
configure:8898: result: yes
configure:8910: checking how to run the C preprocessor
configure:8936: mpicc -E  conftest.c
configure:8936: $? = 0
configure:8951: mpicc -E  conftest.c
conftest.c:23:10: fatal error: ac_nonexistent.h: No such file or directory
   23 | #include <ac_nonexistent.h>
      |          ^~~~~~~~~~~~~~~~~~
compilation terminated.
configure:8951: $? = 1
configure: failed program was:
| /* confdefs.h */
| #define PACKAGE_NAME "hypre"
| #define PACKAGE_TARNAME "hypre"
| #define PACKAGE_VERSION "2.31.0"
| #define PACKAGE_STRING "hypre 2.31.0"
| #define PACKAGE_BUGREPORT ""
| #define PACKAGE_URL ""
| #define HYPRE_RELEASE_NAME "hypre"
| #define HYPRE_RELEASE_VERSION "2.31.0"
| #define HYPRE_RELEASE_NUMBER 23100
| #define HYPRE_RELEASE_DATE "2024/02/14"
| #define HYPRE_RELEASE_TIME "00:00:00"
| #define HYPRE_RELEASE_BUGS "https://github.com/hypre-space/hypre/issues"
| #define HYPRE_MAXDIM 3
| #define HYPRE_FMANGLE 0
| #define HYPRE_FMANGLE_BLAS 0
| #define HYPRE_FMANGLE_LAPACK 0
| #define FC_FUNC(name,NAME) name ## _
| #define FC_FUNC_(name,NAME) name ## _
| #define HYPRE_HAVE_MPI 1
| #define HAVE_MPI_COMM_F2C 1
| /* end confdefs.h.  */
| #include <ac_nonexistent.h>
configure:8978: result: mpicc -E
configure:8992: mpicc -E  conftest.c
configure:8992: $? = 0
configure:9007: mpicc -E  conftest.c
conftest.c:23:10: fatal error: ac_nonexistent.h: No such file or directory
   23 | #include <ac_nonexistent.h>
      |          ^~~~~~~~~~~~~~~~~~
compilation terminated.
configure:9007: $? = 1
configure: failed program was:
| /* confdefs.h */
| #define PACKAGE_NAME "hypre"
| #define PACKAGE_TARNAME "hypre"
| #define PACKAGE_VERSION "2.31.0"
| #define PACKAGE_STRING "hypre 2.31.0"
| #define PACKAGE_BUGREPORT ""
| #define PACKAGE_URL ""
| #define HYPRE_RELEASE_NAME "hypre"
| #define HYPRE_RELEASE_VERSION "2.31.0"
| #define HYPRE_RELEASE_NUMBER 23100
| #define HYPRE_RELEASE_DATE "2024/02/14"
| #define HYPRE_RELEASE_TIME "00:00:00"
| #define HYPRE_RELEASE_BUGS "https://github.com/hypre-space/hypre/issues"
| #define HYPRE_MAXDIM 3
| #define HYPRE_FMANGLE 0
| #define HYPRE_FMANGLE_BLAS 0
| #define HYPRE_FMANGLE_LAPACK 0
| #define FC_FUNC(name,NAME) name ## _
| #define FC_FUNC_(name,NAME) name ## _
| #define HYPRE_HAVE_MPI 1
| #define HAVE_MPI_COMM_F2C 1
| /* end confdefs.h.  */
| #include <ac_nonexistent.h>
configure:9038: checking for grep that handles long lines and -e
configure:9102: result: /usr/bin/grep
configure:9107: checking for egrep
configure:9175: result: /usr/bin/grep -E
configure:9180: checking whether MPI_Comm_f2c is a macro
configure:9204: result: no
configure:9993: checking for cabs in -lm
configure:10024: mpicc -o conftest -O2    conftest.c -lm     >&5
conftest.c:30:6: warning: conflicting types for built-in function 'cabs'; expected 'double(_Complex double)' [-Wbuiltin-declaration-mismatch]
   30 | char cabs ();
      |      ^~~~
conftest.c:1:1: note: 'cabs' is declared in header '<complex.h>'
    1 | /* confdefs.h */
configure:10024: $? = 0
configure:10034: result: yes
configure:11137: checking the hostname
configure:11148: result: jiping-RedmiBook-14-II
configure:11152: checking the architecture
configure:11183: result: LINUX
configure:11462: creating ./config.status

## ---------------------- ##
## Running config.status. ##
## ---------------------- ##

This file was extended by hypre config.status 2.31.0, which was
generated by GNU Autoconf 2.71.  Invocation command line was

  CONFIG_FILES    = 
  CONFIG_HEADERS  = 
  CONFIG_LINKS    = 
  CONFIG_COMMANDS = 
  $ ./config.status 

on jiping-RedmiBook-14-II

config.status:900: creating config/Makefile.config
config.status:900: creating HYPRE_config.h

## ---------------- ##
## Cache variables. ##
## ---------------- ##

ac_cv_build=x86_64-pc-linux-gnu
ac_cv_c_compiler_gnu=yes
ac_cv_cxx_compiler_gnu=yes
ac_cv_env_CCC_set=
ac_cv_env_CCC_value=
ac_cv_env_CC_set=
ac_cv_env_CC_value=
ac_cv_env_CFLAGS_set=
ac_cv_env_CFLAGS_value=
ac_cv_env_CPPFLAGS_set=
ac_cv_env_CPPFLAGS_value=
ac_cv_env_CPP_set=
ac_cv_env_CPP_value=
ac_cv_env_CUCC_set=
ac_cv_env_CUCC_value=
ac_cv_env_CUDA_HOME_set=
ac_cv_env_CUDA_HOME_value=
ac_cv_env_CUFLAGS_set=
ac_cv_env_CUFLAGS_value=
ac_cv_env_CXXFLAGS_set=
ac_cv_env_CXXFLAGS_value=
ac_cv_env_CXX_set=
ac_cv_env_CXX_value=
ac_cv_env_FCFLAGS_set=
ac_cv_env_FCFLAGS_value=
ac_cv_env_FC_set=
ac_cv_env_FC_value=
ac_cv_env_HYPRE_CUDA_SM_set=
ac_cv_env_HYPRE_CUDA_SM_value=
ac_cv_env_LDFLAGS_set=
ac_cv_env_LDFLAGS_value=
ac_cv_env_LIBS_set=
ac_cv_env_LIBS_value=
ac_cv_env_build_alias_set=
ac_cv_env_build_alias_value=
ac_cv_env_host_alias_set=
ac_cv_env_host_alias_value=
ac_cv_env_target_alias_set=
ac_cv_env_target_alias_value=
ac_cv_fc_compiler_gnu=yes
ac_cv_fc_dummy_main=none
ac_cv_fc_libs=' -L/usr/lib/x86_64-linux-gnu/openmpi/lib -L/usr/lib/gcc/x86_64-linux-gnu/15 -L/usr/lib/gcc/x86_64-linux-gnu/15/../../../x86_64-linux-gnu -L/usr/lib/gcc/x86_64-linux-gnu/15/../../../../lib -L/lib/x86_64-linux-gnu -L/lib/../lib -L/usr/lib/x86_64-linux-gnu -L/usr/lib/../lib -L/usr/lib/gcc/x86_64-linux-gnu/15/../../.. -L/lib -L/usr/lib -lmpi_usempif08 -lmpi_usempi_ignore_tkr -lmpi_mpifh -lmpi -lgfortran -lm -lquadmath'
ac_cv_fc_mangling='lower case, underscore, no extra underscore'
ac_cv_fortran_dummy_main=none
ac_cv_func_MPI_Comm_f2c=yes
ac_cv_func_MPI_Init=yes
ac_cv_host=x86_64-pc-linux-gnu
ac_cv_lib_m_cabs=yes
ac_cv_objext=o
ac_cv_path_EGREP='/usr/bin/grep -E'
ac_cv_path_GREP=/usr/bin/grep
ac_cv_prog_CC=mpicc
ac_cv_prog_CPP='mpicc -E'
ac_cv_prog_CXX=mpic++
ac_cv_prog_FC=mpif77
ac_cv_prog_ac_ct_RANLIB=ranlib
ac_cv_prog_cc_c11=
ac_cv_prog_cc_g=yes
ac_cv_prog_cc_stdc=
ac_cv_prog_cxx_11=no
ac_cv_prog_cxx_cxx11=
ac_cv_prog_cxx_g=yes
ac_cv_prog_cxx_stdcxx=
ac_cv_prog_fc_g=yes
ac_cv_prog_fc_v=-v
ac_cv_prog_make_make_set=yes
hypre_cv_func_MPI_Comm_f2c_macro=no

## ----------------- ##
## Output variables. ##
## ----------------- ##

AR='ar -rcu'
BLASLIBDIRS=''
BLASLIBS=''
BUILD_CC_SHARED=''
BUILD_CXX_SHARED=''
BUILD_FC_SHARED=''
BUILD_JAVA='0'
BUILD_PYTHON='0'
CALIPER_INCLUDE=''
CALIPER_LIBS=''
CC='mpicc'
CFLAGS='-O2 '
CPP='mpicc -E'
CPPFLAGS=''
CUCC=''
CUDA_HOME=''
CUFLAGS=' '
CXX='mpic++'
CXXFLAGS='-O2 '
DEFS='-DHAVE_CONFIG_H'
DSUPERLU_INCLUDE=''
DSUPERLU_LIBS=''
ECHO_C=''
ECHO_N='-n'
ECHO_T=''
EGREP='/usr/bin/grep -E'
EXEEXT=''
FC='mpif77'
FCFLAGS='-g -O2'
FCLIBS=' -L/usr/lib/x86_64-linux-gnu/openmpi/lib -L/usr/lib/gcc/x86_64-linux-gnu/15 -L/usr/lib/gcc/x86_64-linux-gnu/15/../../../x86_64-linux-gnu -L/usr/lib/gcc/x86_64-linux-gnu/15/../../../../lib -L/lib/x86_64-linux-gnu -L/lib/../lib -L/usr/lib/x86_64-linux-gnu -L/usr/lib/../lib -L/usr/lib/gcc/x86_64-linux-gnu/15/../../.. -L/lib -L/usr/lib -lmpi_usempif08 -lmpi_usempi_ignore_tkr -lmpi_mpifh -lmpi -lgfortran -lm -lquadmath'
FFLAGS='-O2'
FLIBS=''
GREP='/usr/bin/grep'
HOSTNAME='jiping-RedmiBook-14-II'
HYPRE_ARCH='LINUX'
HYPRE_BUGS='https://github.com/hypre-space/hypre/issues'
HYPRE_CUDA_GENCODE=''
HYPRE_CUDA_INCLUDE=''
HYPRE_CUDA_LIBS=''
HYPRE_CUDA_PATH=''
HYPRE_CUDA_SM=''
HYPRE_DATE='2024/02/14'
HYPRE_DISTRIBUTED_LS_DIR='/home/jiping/FENGSim/toolkit/NLA/hypre/src/distributed_ls'
HYPRE_EUCLID_FILES='/home/jiping/FENGSim/toolkit/NLA/hypre/src/distributed_ls/Euclid/*.o'
HYPRE_FEI_BASE_DIR=''
HYPRE_FEI_FEMLI_FILES=''
HYPRE_FEI_HYPRE_FILES=''
HYPRE_FEI_SRC_DIR=''
HYPRE_FEI_SUBDIRS=''
HYPRE_HIP_INCL=''
HYPRE_HIP_LIBS=''
HYPRE_INCINSTALL='${prefix}/include'
HYPRE_INSTALLDIR='/home/jiping/FENGSim/toolkit/NLA/hypre/src/../../install/hypre'
HYPRE_KOKKOS_INCLUDE=''
HYPRE_KOKKOS_LIB=''
HYPRE_KOKKOS_LIB_DIR=''
HYPRE_KOKKOS_SRC_DIR=''
HYPRE_LIBINSTALL='${exec_prefix}/lib'
HYPRE_LIBSUFFIX='.a'
HYPRE_MAGMA_INCLUDE=''
HYPRE_MAGMA_LIB=''
HYPRE_MAGMA_LIB_DIR=''
HYPRE_NAME='hypre'
HYPRE_NAP_INCLUDE=''
HYPRE_NUMBER='23100'
HYPRE_PARASAILS_FILES='/home/jiping/FENGSim/toolkit/NLA/hypre/src/distributed_ls/ParaSails/*.o'
HYPRE_PILUT_FILES='/home/jiping/FENGSim/toolkit/NLA/hypre/src/distributed_ls/pilut/*.o'
HYPRE_RAJA_INCLUDE=''
HYPRE_RAJA_LIB=''
HYPRE_RAJA_LIB_DIR=''
HYPRE_ROCM_PREFIX=''
HYPRE_SRCDIR='/home/jiping/FENGSim/toolkit/NLA/hypre/src'
HYPRE_SYCL_INCL=''
HYPRE_SYCL_LIBS=''
HYPRE_TIME='00:00:00'
HYPRE_UMPIRE_INCLUDE=''
HYPRE_UMPIRE_LIB=''
HYPRE_UMPIRE_LIB_DIR=''
HYPRE_VERSION='2.31.0'
LAPACKLIBDIRS=''
LAPACKLIBS=''
LDFLAGS=''
LIBOBJS=''
LIBS='   -lm'
LINK_CC='${CC}'
LINK_CXX='${CXX}'
LINK_FC='${FC}'
LTLIBOBJS=''
MPIFLAGS=''
MPIINCLUDE=''
MPILIBDIRS=''
MPILIBS=' '
OBJEXT='o'
PACKAGE_BUGREPORT=''
PACKAGE_NAME=''
PACKAGE_STRING=''
PACKAGE_TARNAME=''
PACKAGE_URL=''
PACKAGE_VERSION=''
PATH_SEPARATOR=':'
PYTHON=''
RANLIB='ranlib'
SET_MAKE=''
SHARED_BUILD_FLAG=''
SHARED_COMPILE_FLAG=''
SHARED_OPTIONS=''
SHARED_SET_SONAME=''
SHELL='/bin/bash'
SUPERLU_INCLUDE=''
SUPERLU_LIBS=''
ac_ct_CC=''
ac_ct_CXX=''
ac_ct_FC=''
bindir='${exec_prefix}/bin'
build='x86_64-pc-linux-gnu'
build_alias=''
build_cpu='x86_64'
build_os='linux-gnu'
build_vendor='pc'
datadir='${datarootdir}'
datarootdir='${prefix}/share'
docdir='${datarootdir}/doc/${PACKAGE_TARNAME}'
dvidir='${docdir}'
exec_prefix='${prefix}'
host='x86_64-pc-linux-gnu'
host_alias=''
host_cpu='x86_64'
host_os='linux-gnu'
host_vendor='pc'
htmldir='${docdir}'
includedir='${prefix}/include'
infodir='${datarootdir}/info'
libdir='${exec_prefix}/lib'
libexecdir='${exec_prefix}/libexec'
localedir='${datarootdir}/locale'
localstatedir='${prefix}/var'
mandir='${datarootdir}/man'
oldincludedir='/usr/include'
pdfdir='${docdir}'
prefix='/home/jiping/FENGSim/toolkit/NLA/hypre/src/../../install/hypre'
program_transform_name='s,x,x,'
psdir='${docdir}'
runstatedir='${localstatedir}/run'
sbindir='${exec_prefix}/sbin'
sharedstatedir='${prefix}/com'
sysconfdir='${prefix}/etc'
target_alias=''

## ----------- ##
## confdefs.h. ##
## ----------- ##

/* confdefs.h */
#define PACKAGE_NAME "hypre"
#define PACKAGE_TARNAME "hypre"
#define PACKAGE_VERSION "2.31.0"
#define PACKAGE_STRING "hypre 2.31.0"
#define PACKAGE_BUGREPORT ""
#define PACKAGE_URL ""
#define HYPRE_RELEASE_NAME "hypre"
#define HYPRE_RELEASE_VERSION "2.31.0"
#define HYPRE_RELEASE_NUMBER 23100
#define HYPRE_RELEASE_DATE "2024/02/14"
#define HYPRE_RELEASE_TIME "00:00:00"
#define HYPRE_RELEASE_BUGS "https://github.com/hypre-space/hypre/issues"
#define HYPRE_MAXDIM 3
#define HYPRE_FMANGLE 0
#define HYPRE_FMANGLE_BLAS 0
#define HYPRE_FMANGLE_LAPACK 0
#define FC_FUNC(name,NAME) name ## _
#define FC_FUNC_(name,NAME) name ## _
#define HYPRE_HAVE_MPI 1
#define HAVE_MPI_COMM_F2C 1
#define HYPRE_HAVE_MPI_COMM_F2C 1
#define HYPRE_USING_HYPRE_BLAS 1
#define HYPRE_USING_HYPRE_LAPACK 1
#define HYPRE_USING_HOST_MEMORY 1
#define HYPRE_LINUX 1

configure: exit 0
